<!DOCTYPE html PUBLIC "-//W3C//DTD XHTML 1.1//EN" "http://www.w3.org/TR/xhtml11/DTD/xhtml11.dtd">
<html xmlns="http://www.w3.org/1999/xhtml">
<head>
<meta http-equiv="content-type" content="text/html; charset=UTF-8"/>
<title>TestNG Report</title>
<style type="text/css">table {margin-bottom:10px;border-collapse:collapse;empty-cells:show}th,td {border:1px solid #009;padding:.25em .5em}th {vertical-align:bottom}td {vertical-align:top}table a {font-weight:bold}.stripe td {background-color: #E6EBF9}.num {text-align:right}.passedodd td {background-color: #3F3}.passedeven td {background-color: #0A0}.skippedodd td {background-color: #DDD}.skippedeven td {background-color: #CCC}.failedodd td,.attn {background-color: #F33}.failedeven td,.stripe .attn {background-color: #D00}.stacktrace {white-space:pre;font-family:monospace}.totop {font-size:85%;text-align:center;border-bottom:2px solid #000}.invisible {display:none}</style>
</head>
<body>
<table>
<tr><th>Test</th><th># Passed</th><th># Skipped</th><th># Failed</th><th>Time (ms)</th><th>Included Groups</th><th>Excluded Groups</th></tr>
<tr><th colspan="7">Rediff Hybrid Automation Suite</th></tr>
<tr><td><a href="#t0">Rediff Testcases</a></td><td class="num">4</td><td class="num">0</td><td class="num attn">2</td><td class="num">93,629</td><td></td><td></td></tr>
</table>
<table id='summary'><thead><tr><th>Class</th><th>Method</th><th>Start</th><th>Time (ms)</th></tr></thead><tbody><tr><th colspan="4">Rediff Hybrid Automation Suite</th></tr></tbody><tbody id="t0"><tr><th colspan="4">Rediff Testcases &#8212; failed</th></tr><tr class="failedeven"><td rowspan="1">com.rediff.qa.testcases.CreateAccountTest</td><td><a href="#m0">verifyCreateAccountByEnteringAllValidFields</a></td><td rowspan="1">1681663123093</td><td rowspan="1">4248</td></tr><tr class="failedodd"><td rowspan="1">com.rediff.qa.testcases.LoginTest</td><td><a href="#m1">verifyRediffLoginWithValidUsernameAndValidPassword</a></td><td rowspan="1">1681663070089</td><td rowspan="1">12173</td></tr><tr><th colspan="4">Rediff Testcases &#8212; passed</th></tr><tr class="passedeven"><td rowspan="4">com.rediff.qa.testcases.LoginTest</td><td><a href="#m2">verifyRediffLoginWithValidUsernameAndValidPassword</a></td><td rowspan="4">1681663044070</td><td rowspan="4">5688</td></tr><tr class="passedeven"><td><a href="#m3">verifyRediffLoginWithValidUsernameAndValidPassword</a></td></tr><tr class="passedeven"><td><a href="#m4">verifyRediffLoginWithValidUsernameAndValidPassword</a></td></tr><tr class="passedeven"><td><a href="#m5">verifyRediffLoginWithValidUsernameAndValidPassword</a></td></tr></tbody>
</table>
<h2>Rediff Testcases</h2><h3 id="m0">com.rediff.qa.testcases.CreateAccountTest#verifyCreateAccountByEnteringAllValidFields</h3><table class="result"><tr><th>Exception</th></tr><tr><td><div class="stacktrace">java.lang.AssertionError: The following asserts failed:
	expected [true] but found [false]
	at com.rediff.qa.testcases.CreateAccountTest.verifyCreateAccountByEnteringAllValidFields(CreateAccountTest.java:86)
... Removed 26 stack frames</div></td></tr></table><p class="totop"><a href="#summary">back to summary</a></p>
<h3 id="m1">com.rediff.qa.testcases.LoginTest#verifyRediffLoginWithValidUsernameAndValidPassword</h3><table class="result"><tr class="param"><th>Parameter #1</th><th>Parameter #2</th></tr><tr class="param stripe"><td>chowdhurygs@rediffmail.com</td><td>Shajlee1@</td></tr><tr><th colspan="2">Exception</th></tr><tr><td colspan="2"><div class="stacktrace">org.openqa.selenium.NoSuchElementException: no such element: Unable to locate element: {&quot;method&quot;:&quot;css selector&quot;,&quot;selector&quot;:&quot;.rd_logout&quot;}
  (Session info: chrome=112.0.5615.87)
For documentation on this error, please visit: https://selenium.dev/exceptions/#no_such_element
Build info: version: &apos;4.8.3&apos;, revision: &apos;e5e76298c3&apos;
System info: os.name: &apos;Windows 11&apos;, os.arch: &apos;amd64&apos;, os.version: &apos;10.0&apos;, java.version: &apos;17.0.6&apos;
Driver info: org.openqa.selenium.chrome.ChromeDriver
Command: [d89f298c5fb8d2729185dd0b8d49f8a9, findElement {using=class name, value=rd_logout}]
Capabilities {acceptInsecureCerts: false, browserName: chrome, browserVersion: 112.0.5615.87, chrome: {chromedriverVersion: 112.0.5615.49 (bd2a7bcb881c..., userDataDir: C:\Users\sarth\AppData\Loca...}, goog:chromeOptions: {debuggerAddress: localhost:49677}, networkConnectionEnabled: false, pageLoadStrategy: normal, platformName: WINDOWS, proxy: Proxy(), se:cdp: ws://localhost:49677/devtoo..., se:cdpVersion: 112.0.5615.87, setWindowRect: true, strictFileInteractability: false, timeouts: {implicit: 0, pageLoad: 300000, script: 30000}, unhandledPromptBehavior: dismiss and notify, webauthn:extension:credBlob: true, webauthn:extension:largeBlob: true, webauthn:extension:minPinLength: true, webauthn:extension:prf: true, webauthn:virtualAuthenticators: true}
Session ID: d89f298c5fb8d2729185dd0b8d49f8a9
	at org.openqa.selenium.remote.codec.w3c.W3CHttpResponseCodec.createException(W3CHttpResponseCodec.java:200)
	at org.openqa.selenium.remote.codec.w3c.W3CHttpResponseCodec.decode(W3CHttpResponseCodec.java:133)
	at org.openqa.selenium.remote.codec.w3c.W3CHttpResponseCodec.decode(W3CHttpResponseCodec.java:53)
	at org.openqa.selenium.remote.HttpCommandExecutor.execute(HttpCommandExecutor.java:193)
	at org.openqa.selenium.remote.service.DriverCommandExecutor.invokeExecute(DriverCommandExecutor.java:183)
	at org.openqa.selenium.remote.service.DriverCommandExecutor.execute(DriverCommandExecutor.java:158)
	at org.openqa.selenium.remote.RemoteWebDriver.execute(RemoteWebDriver.java:543)
	at org.openqa.selenium.remote.ElementLocation$ElementFinder$2.findElement(ElementLocation.java:162)
	at org.openqa.selenium.remote.ElementLocation.findElement(ElementLocation.java:60)
	at org.openqa.selenium.remote.RemoteWebDriver.findElement(RemoteWebDriver.java:352)
	at org.openqa.selenium.remote.RemoteWebDriver.findElement(RemoteWebDriver.java:344)
	at org.openqa.selenium.support.pagefactory.DefaultElementLocator.findElement(DefaultElementLocator.java:70)
	at org.openqa.selenium.support.pagefactory.internal.LocatingElementHandler.invoke(LocatingElementHandler.java:39)
	at jdk.proxy2/jdk.proxy2.$Proxy18.isDisplayed(Unknown Source)
	at com.rediff.qa.pages.InboxPage.logoutLinkisDisplayedOrNot(InboxPage.java:31)
	at com.rediff.qa.testcases.LoginTest.verifyRediffLoginWithValidUsernameAndValidPassword(LoginTest.java:44)
... Removed 30 stack frames</div></td></tr></table><p class="totop"><a href="#summary">back to summary</a></p>
<h3 id="m2">com.rediff.qa.testcases.LoginTest#verifyRediffLoginWithValidUsernameAndValidPassword</h3><table class="result"><tr class="param"><th>Parameter #1</th><th>Parameter #2</th></tr><tr class="param stripe"><td>seleniumpanda@rediffmail.com</td><td>Selenium@123</td></tr></table><p class="totop"><a href="#summary">back to summary</a></p>
<h3 id="m3">com.rediff.qa.testcases.LoginTest#verifyRediffLoginWithValidUsernameAndValidPassword</h3><table class="result"><tr class="param"><th>Parameter #1</th><th>Parameter #2</th></tr><tr class="param stripe"><td>seleniumpanda1@rediffmail.com</td><td>Donkey@123</td></tr></table><p class="totop"><a href="#summary">back to summary</a></p>
<h3 id="m4">com.rediff.qa.testcases.LoginTest#verifyRediffLoginWithValidUsernameAndValidPassword</h3><table class="result"><tr class="param"><th>Parameter #1</th><th>Parameter #2</th></tr><tr class="param stripe"><td>Mohamedboudguig@rediffmail.com</td><td>Medbdg0707@</td></tr></table><p class="totop"><a href="#summary">back to summary</a></p>
<h3 id="m5">com.rediff.qa.testcases.LoginTest#verifyRediffLoginWithValidUsernameAndValidPassword</h3><table class="result"><tr class="param"><th>Parameter #1</th><th>Parameter #2</th></tr><tr class="param stripe"><td>homa_rahimi@rediffmail.com</td><td>Winter2021?</td></tr></table><p class="totop"><a href="#summary">back to summary</a></p>
</body>
</html>
