<?xml version="1.0" encoding="UTF-8"?>
<testng-results ignored="0" total="6" passed="4" failed="2" skipped="0">
  <reporter-output>
  </reporter-output>
  <suite started-at="2023-04-16T16:37:13Z" name="Rediff Hybrid Automation Suite" finished-at="2023-04-16T16:38:47Z" duration-ms="93629">
    <groups>
    </groups>
    <test started-at="2023-04-16T16:37:13Z" name="Rediff Testcases" finished-at="2023-04-16T16:38:47Z" duration-ms="93629">
      <class name="com.rediff.qa.testcases.CreateAccountTest">
        <test-method is-config="true" signature="setUp()[pri:0, instance:com.rediff.qa.testcases.CreateAccountTest@5a18cd76]" started-at="2023-04-16T16:38:33Z" name="setUp" finished-at="2023-04-16T16:38:43Z" duration-ms="9938" status="PASS">
          <reporter-output>
          </reporter-output>
        </test-method> <!-- setUp -->
        <test-method signature="verifyCreateAccountByEnteringAllValidFields()[pri:1, instance:com.rediff.qa.testcases.CreateAccountTest@5a18cd76]" started-at="2023-04-16T16:38:43Z" name="verifyCreateAccountByEnteringAllValidFields" finished-at="2023-04-16T16:38:47Z" duration-ms="4248" status="FAIL">
          <exception class="java.lang.AssertionError">
            <message>
              <![CDATA[The following asserts failed:
expected [true] but found [false]]]>
            </message>
            <full-stacktrace>
              <![CDATA[java.lang.AssertionError: The following asserts failed:
expected [true] but found [false]
at org.testng.asserts.SoftAssert.assertAll(SoftAssert.java:43)
at com.rediff.qa.testcases.CreateAccountTest.verifyCreateAccountByEnteringAllValidFields(CreateAccountTest.java:86)
at java.base/jdk.internal.reflect.NativeMethodAccessorImpl.invoke0(Native Method)
at java.base/jdk.internal.reflect.NativeMethodAccessorImpl.invoke(NativeMethodAccessorImpl.java:77)
at java.base/jdk.internal.reflect.DelegatingMethodAccessorImpl.invoke(DelegatingMethodAccessorImpl.java:43)
at java.base/java.lang.reflect.Method.invoke(Method.java:568)
at org.testng.internal.MethodInvocationHelper.invokeMethod(MethodInvocationHelper.java:124)
at org.testng.internal.Invoker.invokeMethod(Invoker.java:583)
at org.testng.internal.Invoker.invokeTestMethod(Invoker.java:719)
at org.testng.internal.Invoker.invokeTestMethods(Invoker.java:989)
at org.testng.internal.TestMethodWorker.invokeTestMethods(TestMethodWorker.java:125)
at org.testng.internal.TestMethodWorker.run(TestMethodWorker.java:109)
at org.testng.TestRunner.privateRun(TestRunner.java:648)
at org.testng.TestRunner.run(TestRunner.java:505)
at org.testng.SuiteRunner.runTest(SuiteRunner.java:455)
at org.testng.SuiteRunner.runSequentially(SuiteRunner.java:450)
at org.testng.SuiteRunner.privateRun(SuiteRunner.java:415)
at org.testng.SuiteRunner.run(SuiteRunner.java:364)
at org.testng.SuiteRunnerWorker.runSuite(SuiteRunnerWorker.java:52)
at org.testng.SuiteRunnerWorker.run(SuiteRunnerWorker.java:84)
at org.testng.TestNG.runSuitesSequentially(TestNG.java:1208)
at org.testng.TestNG.runSuitesLocally(TestNG.java:1137)
at org.testng.TestNG.runSuites(TestNG.java:1049)
at org.testng.TestNG.run(TestNG.java:1017)
at org.testng.remote.AbstractRemoteTestNG.run(AbstractRemoteTestNG.java:115)
at org.testng.remote.RemoteTestNG.initAndRun(RemoteTestNG.java:251)
at org.testng.remote.RemoteTestNG.main(RemoteTestNG.java:77)
]]>
            </full-stacktrace>
          </exception> <!-- java.lang.AssertionError -->
          <reporter-output>
          </reporter-output>
        </test-method> <!-- verifyCreateAccountByEnteringAllValidFields -->
        <test-method is-config="true" signature="tearDown()[pri:0, instance:com.rediff.qa.testcases.CreateAccountTest@5a18cd76]" started-at="2023-04-16T16:38:47Z" name="tearDown" finished-at="2023-04-16T16:38:47Z" duration-ms="0" status="PASS">
          <reporter-output>
          </reporter-output>
        </test-method> <!-- tearDown -->
      </class> <!-- com.rediff.qa.testcases.CreateAccountTest -->
      <class name="com.rediff.qa.testcases.LoginTest">
        <test-method is-config="true" signature="setUp()[pri:0, instance:com.rediff.qa.testcases.LoginTest@289710d9]" started-at="2023-04-16T16:37:14Z" name="setUp" finished-at="2023-04-16T16:37:24Z" duration-ms="9189" status="PASS">
          <reporter-output>
          </reporter-output>
        </test-method> <!-- setUp -->
        <test-method signature="verifyRediffLoginWithValidUsernameAndValidPassword(java.lang.String, java.lang.String)[pri:1, instance:com.rediff.qa.testcases.LoginTest@289710d9]" started-at="2023-04-16T16:37:24Z" name="verifyRediffLoginWithValidUsernameAndValidPassword" data-provider="RediffExcelDataWithDataProvider" finished-at="2023-04-16T16:37:29Z" duration-ms="5688" status="PASS">
          <params>
            <param index="0">
              <value>
                <![CDATA[seleniumpanda@rediffmail.com]]>
              </value>
            </param>
            <param index="1">
              <value>
                <![CDATA[Selenium@123]]>
              </value>
            </param>
          </params>
          <reporter-output>
          </reporter-output>
        </test-method> <!-- verifyRediffLoginWithValidUsernameAndValidPassword -->
        <test-method is-config="true" signature="tearDown()[pri:0, instance:com.rediff.qa.testcases.LoginTest@289710d9]" started-at="2023-04-16T16:37:29Z" name="tearDown" finished-at="2023-04-16T16:37:30Z" duration-ms="387" status="PASS">
          <reporter-output>
          </reporter-output>
        </test-method> <!-- tearDown -->
        <test-method is-config="true" signature="setUp()[pri:0, instance:com.rediff.qa.testcases.LoginTest@289710d9]" started-at="2023-04-16T16:37:30Z" name="setUp" finished-at="2023-04-16T16:37:38Z" duration-ms="8148" status="PASS">
          <reporter-output>
          </reporter-output>
        </test-method> <!-- setUp -->
        <test-method signature="verifyRediffLoginWithValidUsernameAndValidPassword(java.lang.String, java.lang.String)[pri:1, instance:com.rediff.qa.testcases.LoginTest@289710d9]" started-at="2023-04-16T16:37:38Z" name="verifyRediffLoginWithValidUsernameAndValidPassword" data-provider="RediffExcelDataWithDataProvider" finished-at="2023-04-16T16:37:44Z" duration-ms="6271" status="PASS">
          <params>
            <param index="0">
              <value>
                <![CDATA[seleniumpanda1@rediffmail.com]]>
              </value>
            </param>
            <param index="1">
              <value>
                <![CDATA[Donkey@123]]>
              </value>
            </param>
          </params>
          <reporter-output>
          </reporter-output>
        </test-method> <!-- verifyRediffLoginWithValidUsernameAndValidPassword -->
        <test-method is-config="true" signature="tearDown()[pri:0, instance:com.rediff.qa.testcases.LoginTest@289710d9]" started-at="2023-04-16T16:37:44Z" name="tearDown" finished-at="2023-04-16T16:37:45Z" duration-ms="438" status="PASS">
          <reporter-output>
          </reporter-output>
        </test-method> <!-- tearDown -->
        <test-method is-config="true" signature="setUp()[pri:0, instance:com.rediff.qa.testcases.LoginTest@289710d9]" started-at="2023-04-16T16:37:45Z" name="setUp" finished-at="2023-04-16T16:37:50Z" duration-ms="5082" status="PASS">
          <reporter-output>
          </reporter-output>
        </test-method> <!-- setUp -->
        <test-method signature="verifyRediffLoginWithValidUsernameAndValidPassword(java.lang.String, java.lang.String)[pri:1, instance:com.rediff.qa.testcases.LoginTest@289710d9]" started-at="2023-04-16T16:37:50Z" name="verifyRediffLoginWithValidUsernameAndValidPassword" data-provider="RediffExcelDataWithDataProvider" finished-at="2023-04-16T16:38:02Z" duration-ms="12173" status="FAIL">
          <params>
            <param index="0">
              <value>
                <![CDATA[chowdhurygs@rediffmail.com]]>
              </value>
            </param>
            <param index="1">
              <value>
                <![CDATA[Shajlee1@]]>
              </value>
            </param>
          </params>
          <exception class="org.openqa.selenium.NoSuchElementException">
            <message>
              <![CDATA[no such element: Unable to locate element: {"method":"css selector","selector":".rd_logout"}
  (Session info: chrome=112.0.5615.87)
For documentation on this error, please visit: https://selenium.dev/exceptions/#no_such_element
Build info: version: '4.8.3', revision: 'e5e76298c3'
System info: os.name: 'Windows 11', os.arch: 'amd64', os.version: '10.0', java.version: '17.0.6'
Driver info: org.openqa.selenium.chrome.ChromeDriver
Command: [d89f298c5fb8d2729185dd0b8d49f8a9, findElement {using=class name, value=rd_logout}]
Capabilities {acceptInsecureCerts: false, browserName: chrome, browserVersion: 112.0.5615.87, chrome: {chromedriverVersion: 112.0.5615.49 (bd2a7bcb881c..., userDataDir: C:\Users\sarth\AppData\Loca...}, goog:chromeOptions: {debuggerAddress: localhost:49677}, networkConnectionEnabled: false, pageLoadStrategy: normal, platformName: WINDOWS, proxy: Proxy(), se:cdp: ws://localhost:49677/devtoo..., se:cdpVersion: 112.0.5615.87, setWindowRect: true, strictFileInteractability: false, timeouts: {implicit: 0, pageLoad: 300000, script: 30000}, unhandledPromptBehavior: dismiss and notify, webauthn:extension:credBlob: true, webauthn:extension:largeBlob: true, webauthn:extension:minPinLength: true, webauthn:extension:prf: true, webauthn:virtualAuthenticators: true}
Session ID: d89f298c5fb8d2729185dd0b8d49f8a9]]>
            </message>
            <full-stacktrace>
              <![CDATA[org.openqa.selenium.NoSuchElementException: no such element: Unable to locate element: {"method":"css selector","selector":".rd_logout"}
  (Session info: chrome=112.0.5615.87)
For documentation on this error, please visit: https://selenium.dev/exceptions/#no_such_element
Build info: version: '4.8.3', revision: 'e5e76298c3'
System info: os.name: 'Windows 11', os.arch: 'amd64', os.version: '10.0', java.version: '17.0.6'
Driver info: org.openqa.selenium.chrome.ChromeDriver
Command: [d89f298c5fb8d2729185dd0b8d49f8a9, findElement {using=class name, value=rd_logout}]
Capabilities {acceptInsecureCerts: false, browserName: chrome, browserVersion: 112.0.5615.87, chrome: {chromedriverVersion: 112.0.5615.49 (bd2a7bcb881c..., userDataDir: C:\Users\sarth\AppData\Loca...}, goog:chromeOptions: {debuggerAddress: localhost:49677}, networkConnectionEnabled: false, pageLoadStrategy: normal, platformName: WINDOWS, proxy: Proxy(), se:cdp: ws://localhost:49677/devtoo..., se:cdpVersion: 112.0.5615.87, setWindowRect: true, strictFileInteractability: false, timeouts: {implicit: 0, pageLoad: 300000, script: 30000}, unhandledPromptBehavior: dismiss and notify, webauthn:extension:credBlob: true, webauthn:extension:largeBlob: true, webauthn:extension:minPinLength: true, webauthn:extension:prf: true, webauthn:virtualAuthenticators: true}
Session ID: d89f298c5fb8d2729185dd0b8d49f8a9
at java.base/jdk.internal.reflect.NativeConstructorAccessorImpl.newInstance0(Native Method)
at java.base/jdk.internal.reflect.NativeConstructorAccessorImpl.newInstance(NativeConstructorAccessorImpl.java:77)
at java.base/jdk.internal.reflect.DelegatingConstructorAccessorImpl.newInstance(DelegatingConstructorAccessorImpl.java:45)
at java.base/java.lang.reflect.Constructor.newInstanceWithCaller(Constructor.java:499)
at java.base/java.lang.reflect.Constructor.newInstance(Constructor.java:480)
at org.openqa.selenium.remote.codec.w3c.W3CHttpResponseCodec.createException(W3CHttpResponseCodec.java:200)
at org.openqa.selenium.remote.codec.w3c.W3CHttpResponseCodec.decode(W3CHttpResponseCodec.java:133)
at org.openqa.selenium.remote.codec.w3c.W3CHttpResponseCodec.decode(W3CHttpResponseCodec.java:53)
at org.openqa.selenium.remote.HttpCommandExecutor.execute(HttpCommandExecutor.java:193)
at org.openqa.selenium.remote.service.DriverCommandExecutor.invokeExecute(DriverCommandExecutor.java:183)
at org.openqa.selenium.remote.service.DriverCommandExecutor.execute(DriverCommandExecutor.java:158)
at org.openqa.selenium.remote.RemoteWebDriver.execute(RemoteWebDriver.java:543)
at org.openqa.selenium.remote.ElementLocation$ElementFinder$2.findElement(ElementLocation.java:162)
at org.openqa.selenium.remote.ElementLocation.findElement(ElementLocation.java:60)
at org.openqa.selenium.remote.RemoteWebDriver.findElement(RemoteWebDriver.java:352)
at org.openqa.selenium.remote.RemoteWebDriver.findElement(RemoteWebDriver.java:344)
at org.openqa.selenium.support.pagefactory.DefaultElementLocator.findElement(DefaultElementLocator.java:70)
at org.openqa.selenium.support.pagefactory.internal.LocatingElementHandler.invoke(LocatingElementHandler.java:39)
at jdk.proxy2/jdk.proxy2.$Proxy18.isDisplayed(Unknown Source)
at com.rediff.qa.pages.InboxPage.logoutLinkisDisplayedOrNot(InboxPage.java:31)
at com.rediff.qa.testcases.LoginTest.verifyRediffLoginWithValidUsernameAndValidPassword(LoginTest.java:44)
at java.base/jdk.internal.reflect.NativeMethodAccessorImpl.invoke0(Native Method)
at java.base/jdk.internal.reflect.NativeMethodAccessorImpl.invoke(NativeMethodAccessorImpl.java:77)
at java.base/jdk.internal.reflect.DelegatingMethodAccessorImpl.invoke(DelegatingMethodAccessorImpl.java:43)
at java.base/java.lang.reflect.Method.invoke(Method.java:568)
at org.testng.internal.MethodInvocationHelper.invokeMethod(MethodInvocationHelper.java:124)
at org.testng.internal.Invoker.invokeMethod(Invoker.java:583)
at org.testng.internal.Invoker.invokeTestMethod(Invoker.java:719)
at org.testng.internal.Invoker.invokeTestMethods(Invoker.java:989)
at org.testng.internal.TestMethodWorker.invokeTestMethods(TestMethodWorker.java:125)
at org.testng.internal.TestMethodWorker.run(TestMethodWorker.java:109)
at org.testng.TestRunner.privateRun(TestRunner.java:648)
at org.testng.TestRunner.run(TestRunner.java:505)
at org.testng.SuiteRunner.runTest(SuiteRunner.java:455)
at org.testng.SuiteRunner.runSequentially(SuiteRunner.java:450)
at org.testng.SuiteRunner.privateRun(SuiteRunner.java:415)
at org.testng.SuiteRunner.run(SuiteRunner.java:364)
at org.testng.SuiteRunnerWorker.runSuite(SuiteRunnerWorker.java:52)
at org.testng.SuiteRunnerWorker.run(SuiteRunnerWorker.java:84)
at org.testng.TestNG.runSuitesSequentially(TestNG.java:1208)
at org.testng.TestNG.runSuitesLocally(TestNG.java:1137)
at org.testng.TestNG.runSuites(TestNG.java:1049)
at org.testng.TestNG.run(TestNG.java:1017)
at org.testng.remote.AbstractRemoteTestNG.run(AbstractRemoteTestNG.java:115)
at org.testng.remote.RemoteTestNG.initAndRun(RemoteTestNG.java:251)
at org.testng.remote.RemoteTestNG.main(RemoteTestNG.java:77)
]]>
            </full-stacktrace>
          </exception> <!-- org.openqa.selenium.NoSuchElementException -->
          <reporter-output>
          </reporter-output>
        </test-method> <!-- verifyRediffLoginWithValidUsernameAndValidPassword -->
        <test-method is-config="true" signature="tearDown()[pri:0, instance:com.rediff.qa.testcases.LoginTest@289710d9]" started-at="2023-04-16T16:38:02Z" name="tearDown" finished-at="2023-04-16T16:38:02Z" duration-ms="264" status="PASS">
          <reporter-output>
          </reporter-output>
        </test-method> <!-- tearDown -->
        <test-method is-config="true" signature="setUp()[pri:0, instance:com.rediff.qa.testcases.LoginTest@289710d9]" started-at="2023-04-16T16:38:02Z" name="setUp" finished-at="2023-04-16T16:38:11Z" duration-ms="8557" status="PASS">
          <reporter-output>
          </reporter-output>
        </test-method> <!-- setUp -->
        <test-method signature="verifyRediffLoginWithValidUsernameAndValidPassword(java.lang.String, java.lang.String)[pri:1, instance:com.rediff.qa.testcases.LoginTest@289710d9]" started-at="2023-04-16T16:38:11Z" name="verifyRediffLoginWithValidUsernameAndValidPassword" data-provider="RediffExcelDataWithDataProvider" finished-at="2023-04-16T16:38:19Z" duration-ms="8157" status="PASS">
          <params>
            <param index="0">
              <value>
                <![CDATA[Mohamedboudguig@rediffmail.com]]>
              </value>
            </param>
            <param index="1">
              <value>
                <![CDATA[Medbdg0707@]]>
              </value>
            </param>
          </params>
          <reporter-output>
          </reporter-output>
        </test-method> <!-- verifyRediffLoginWithValidUsernameAndValidPassword -->
        <test-method is-config="true" signature="tearDown()[pri:0, instance:com.rediff.qa.testcases.LoginTest@289710d9]" started-at="2023-04-16T16:38:19Z" name="tearDown" finished-at="2023-04-16T16:38:19Z" duration-ms="184" status="PASS">
          <reporter-output>
          </reporter-output>
        </test-method> <!-- tearDown -->
        <test-method is-config="true" signature="setUp()[pri:0, instance:com.rediff.qa.testcases.LoginTest@289710d9]" started-at="2023-04-16T16:38:19Z" name="setUp" finished-at="2023-04-16T16:38:25Z" duration-ms="5366" status="PASS">
          <reporter-output>
          </reporter-output>
        </test-method> <!-- setUp -->
        <test-method signature="verifyRediffLoginWithValidUsernameAndValidPassword(java.lang.String, java.lang.String)[pri:1, instance:com.rediff.qa.testcases.LoginTest@289710d9]" started-at="2023-04-16T16:38:25Z" name="verifyRediffLoginWithValidUsernameAndValidPassword" data-provider="RediffExcelDataWithDataProvider" finished-at="2023-04-16T16:38:32Z" duration-ms="7601" status="PASS">
          <params>
            <param index="0">
              <value>
                <![CDATA[homa_rahimi@rediffmail.com]]>
              </value>
            </param>
            <param index="1">
              <value>
                <![CDATA[Winter2021?]]>
              </value>
            </param>
          </params>
          <reporter-output>
          </reporter-output>
        </test-method> <!-- verifyRediffLoginWithValidUsernameAndValidPassword -->
        <test-method is-config="true" signature="tearDown()[pri:0, instance:com.rediff.qa.testcases.LoginTest@289710d9]" started-at="2023-04-16T16:38:32Z" name="tearDown" finished-at="2023-04-16T16:38:33Z" duration-ms="505" status="PASS">
          <reporter-output>
          </reporter-output>
        </test-method> <!-- tearDown -->
      </class> <!-- com.rediff.qa.testcases.LoginTest -->
    </test> <!-- Rediff Testcases -->
  </suite> <!-- Rediff Hybrid Automation Suite -->
</testng-results>
